command: cd spec/odif;make PROJECT=nv_small 
../../tools/bin/vcp -i ./example.top.odif -o /home/amax/workstation/nvdla/master/hw-master/outdir/nv_small/spec/odif/./example.top.odif -imacros ../../outdir/nv_small/spec/defs/project.h -cpp /usr/bin/cpp
../../tools/bin/vcp -i ./nvdla.module.odif -o /home/amax/workstation/nvdla/master/hw-master/outdir/nv_small/spec/odif/./nvdla.module.odif -imacros ../../outdir/nv_small/spec/defs/project.h -cpp /usr/bin/cpp
../../tools/bin/vcp -i ./nvdla.interface.odif -o /home/amax/workstation/nvdla/master/hw-master/outdir/nv_small/spec/odif/./nvdla.interface.odif -imacros ../../outdir/nv_small/spec/defs/project.h -cpp /usr/bin/cpp
../../tools/bin/vcp -i ./nvdla.top.odif -o /home/amax/workstation/nvdla/master/hw-master/outdir/nv_small/spec/odif/./nvdla.top.odif -imacros ../../outdir/nv_small/spec/defs/project.h -cpp /usr/bin/cpp
../../tools/bin/vcp -i ./example.module.odif -o /home/amax/workstation/nvdla/master/hw-master/outdir/nv_small/spec/odif/./example.module.odif -imacros ../../outdir/nv_small/spec/defs/project.h -cpp /usr/bin/cpp
../../tools/bin/vcp -i ./example.interface.odif -o /home/amax/workstation/nvdla/master/hw-master/outdir/nv_small/spec/odif/./example.interface.odif -imacros ../../outdir/nv_small/spec/defs/project.h -cpp /usr/bin/cpp
/usr/bin/perl /home/amax/workstation/nvdla/master/hw-master/spec/odif/ODIF2others.pl -o /home/amax/workstation/nvdla/master/hw-master/outdir/nv_small/spec/odif -f /home/amax/workstation/nvdla/master/hw-master/outdir/nv_small/spec/odif/nvdla.top.odif -c -sv -v -m
==============================================
files are generated under /home/amax/workstation/nvdla/master/hw-master/outdir/nv_small/spec/odif
==============================================
Processing ./example.top.odif into /home/amax/workstation/nvdla/master/hw-master/outdir/nv_small/spec/odif/./example.top.odif
/home/amax/workstation/nvdla/master/hw-master/outdir/nv_small/spec/odif/./example.top.odif successfully written
Processing ./nvdla.module.odif into /home/amax/workstation/nvdla/master/hw-master/outdir/nv_small/spec/odif/./nvdla.module.odif
/home/amax/workstation/nvdla/master/hw-master/outdir/nv_small/spec/odif/./nvdla.module.odif successfully written
Processing ./nvdla.interface.odif into /home/amax/workstation/nvdla/master/hw-master/outdir/nv_small/spec/odif/./nvdla.interface.odif
/home/amax/workstation/nvdla/master/hw-master/outdir/nv_small/spec/odif/./nvdla.interface.odif successfully written
Processing ./nvdla.top.odif into /home/amax/workstation/nvdla/master/hw-master/outdir/nv_small/spec/odif/./nvdla.top.odif
/home/amax/workstation/nvdla/master/hw-master/outdir/nv_small/spec/odif/./nvdla.top.odif successfully written
Processing ./example.module.odif into /home/amax/workstation/nvdla/master/hw-master/outdir/nv_small/spec/odif/./example.module.odif
/home/amax/workstation/nvdla/master/hw-master/outdir/nv_small/spec/odif/./example.module.odif successfully written
Processing ./example.interface.odif into /home/amax/workstation/nvdla/master/hw-master/outdir/nv_small/spec/odif/./example.interface.odif
/home/amax/workstation/nvdla/master/hw-master/outdir/nv_small/spec/odif/./example.interface.odif successfully written
